# JRE version: Java(TM) SE Runtime Environment (8.0_161-b12) (build 1.8.0_161-b12)
# Java VM: Java HotSpot(TM) 64-Bit Server VM (25.161-b12 mixed mode windows-amd64 compressed oops)
Heap:
 PSYoungGen      total 178176K, used 5318K [0x00000000d6200000, 0x00000000e3700000, 0x0000000100000000)
  eden space 165376K, 3% used [0x00000000d6200000,0x00000000d6731be0,0x00000000e0380000)
  from space 12800K, 0% used [0x00000000e1000000,0x00000000e1000000,0x00000000e1c80000)
  to   space 12800K, 0% used [0x00000000e0380000,0x00000000e0380000,0x00000000e1000000)
 ParOldGen       total 88576K, used 16692K [0x0000000082600000, 0x0000000087c80000, 0x00000000d6200000)
  object space 88576K, 18% used [0x0000000082600000,0x000000008364d360,0x0000000087c80000)
 Metaspace       used 33726K, capacity 35483K, committed 35624K, reserved 1079296K
  class space    used 4435K, capacity 4790K, committed 4912K, reserved 1048576K
GC Heap History (10 events):
Event: 3.021 GC heap before
{Heap before GC invocations=6 (full 1):
 PSYoungGen      total 70656K, used 5115K [0x00000000d6200000, 0x00000000df800000, 0x0000000100000000)
  eden space 65536K, 0% used [0x00000000d6200000,0x00000000d6200000,0x00000000da200000)
  from space 5120K, 99% used [0x00000000da200000,0x00000000da6fedd0,0x00000000da700000)
  to   space 11264K, 0% used [0x00000000ded00000,0x00000000ded00000,0x00000000df800000)
 ParOldGen       total 86016K, used 13456K [0x0000000082600000, 0x0000000087a00000, 0x00000000d6200000)
  object space 86016K, 15% used [0x0000000082600000,0x00000000833241b8,0x0000000087a00000)
 Metaspace       used 20327K, capacity 21250K, committed 21296K, reserved 1067008K
  class space    used 2627K, capacity 2834K, committed 2864K, reserved 1048576K
Event: 3.072 GC heap after
Heap after GC invocations=6 (full 1):
 PSYoungGen      total 70656K, used 0K [0x00000000d6200000, 0x00000000df800000, 0x0000000100000000)
  eden space 65536K, 0% used [0x00000000d6200000,0x00000000d6200000,0x00000000da200000)
  from space 5120K, 0% used [0x00000000da200000,0x00000000da200000,0x00000000da700000)
  to   space 11264K, 0% used [0x00000000ded00000,0x00000000ded00000,0x00000000df800000)
 ParOldGen       total 60416K, used 10472K [0x0000000082600000, 0x0000000086100000, 0x00000000d6200000)
  object space 60416K, 17% used [0x0000000082600000,0x000000008303a0f0,0x0000000086100000)
 Metaspace       used 20327K, capacity 21250K, committed 21296K, reserved 1067008K
  class space    used 2627K, capacity 2834K, committed 2864K, reserved 1048576K
}
Event: 3.781 GC heap before
{Heap before GC invocations=7 (full 1):
 PSYoungGen      total 70656K, used 65536K [0x00000000d6200000, 0x00000000df800000, 0x0000000100000000)
  eden space 65536K, 100% used [0x00000000d6200000,0x00000000da200000,0x00000000da200000)
  from space 5120K, 0% used [0x00000000da200000,0x00000000da200000,0x00000000da700000)
  to   space 11264K, 0% used [0x00000000ded00000,0x00000000ded00000,0x00000000df800000)
 ParOldGen       total 60416K, used 10472K [0x0000000082600000, 0x0000000086100000, 0x00000000d6200000)
  object space 60416K, 17% used [0x0000000082600000,0x000000008303a0f0,0x0000000086100000)
 Metaspace       used 23396K, capacity 24496K, committed 24624K, reserved 1071104K
  class space    used 3026K, capacity 3310K, committed 3376K, reserved 1048576K
Event: 3.786 GC heap after
Heap after GC invocations=7 (full 1):
 PSYoungGen      total 111616K, used 6063K [0x00000000d6200000, 0x00000000df300000, 0x0000000100000000)
  eden space 105472K, 0% used [0x00000000d6200000,0x00000000d6200000,0x00000000dc900000)
  from space 6144K, 98% used [0x00000000ded00000,0x00000000df2ebd60,0x00000000df300000)
  to   space 11264K, 0% used [0x00000000ddd00000,0x00000000ddd00000,0x00000000de800000)
 ParOldGen       total 60416K, used 10480K [0x0000000082600000, 0x0000000086100000, 0x00000000d6200000)
  object space 60416K, 17% used [0x0000000082600000,0x000000008303c0f0,0x0000000086100000)
 Metaspace       used 23396K, capacity 24496K, committed 24624K, reserved 1071104K
  class space    used 3026K, capacity 3310K, committed 3376K, reserved 1048576K
}
Event: 5.217 GC heap before
{Heap before GC invocations=8 (full 1):
 PSYoungGen      total 111616K, used 111535K [0x00000000d6200000, 0x00000000df300000, 0x0000000100000000)
  eden space 105472K, 100% used [0x00000000d6200000,0x00000000dc900000,0x00000000dc900000)
  from space 6144K, 98% used [0x00000000ded00000,0x00000000df2ebd60,0x00000000df300000)
  to   space 11264K, 0% used [0x00000000ddd00000,0x00000000ddd00000,0x00000000de800000)
 ParOldGen       total 60416K, used 10480K [0x0000000082600000, 0x0000000086100000, 0x00000000d6200000)
  object space 60416K, 17% used [0x0000000082600000,0x000000008303c0f0,0x0000000086100000)
 Metaspace       used 29286K, capacity 30784K, committed 31152K, reserved 1077248K
  class space    used 3836K, capacity 4146K, committed 4272K, reserved 1048576K
Event: 5.232 GC heap after
Heap after GC invocations=8 (full 1):
 PSYoungGen      total 137216K, used 11251K [0x00000000d6200000, 0x00000000e1c80000, 0x0000000100000000)
  eden space 125952K, 0% used [0x00000000d6200000,0x00000000d6200000,0x00000000ddd00000)
  from space 11264K, 99% used [0x00000000ddd00000,0x00000000de7fcd98,0x00000000de800000)
  to   space 12800K, 0% used [0x00000000e1000000,0x00000000e1000000,0x00000000e1c80000)
 ParOldGen       total 60416K, used 11264K [0x0000000082600000, 0x0000000086100000, 0x00000000d6200000)
  object space 60416K, 18% used [0x0000000082600000,0x0000000083100000,0x0000000086100000)
 Metaspace       used 29286K, capacity 30784K, committed 31152K, reserved 1077248K
  class space    used 3836K, capacity 4146K, committed 4272K, reserved 1048576K
}
Event: 6.625 GC heap before
{Heap before GC invocations=9 (full 1):
 PSYoungGen      total 137216K, used 43418K [0x00000000d6200000, 0x00000000e1c80000, 0x0000000100000000)
  eden space 125952K, 25% used [0x00000000d6200000,0x00000000d8169dd0,0x00000000ddd00000)
  from space 11264K, 99% used [0x00000000ddd00000,0x00000000de7fcd98,0x00000000de800000)
  to   space 12800K, 0% used [0x00000000e1000000,0x00000000e1000000,0x00000000e1c80000)
 ParOldGen       total 60416K, used 11264K [0x0000000082600000, 0x0000000086100000, 0x00000000d6200000)
  object space 60416K, 18% used [0x0000000082600000,0x0000000083100000,0x0000000086100000)
 Metaspace       used 33709K, capacity 35469K, committed 35496K, reserved 1079296K
  class space    used 4431K, capacity 4784K, committed 4784K, reserved 1048576K
Event: 6.637 GC heap after
Heap after GC invocations=9 (full 1):
 PSYoungGen      total 178176K, used 8759K [0x00000000d6200000, 0x00000000e3700000, 0x0000000100000000)
  eden space 165376K, 0% used [0x00000000d6200000,0x00000000d6200000,0x00000000e0380000)
  from space 12800K, 68% used [0x00000000e1000000,0x00000000e188dec8,0x00000000e1c80000)
  to   space 12800K, 0% used [0x00000000e0380000,0x00000000e0380000,0x00000000e1000000)
 ParOldGen       total 60416K, used 11336K [0x0000000082600000, 0x0000000086100000, 0x00000000d6200000)
  object space 60416K, 18% used [0x0000000082600000,0x0000000083112010,0x0000000086100000)
 Metaspace       used 33709K, capacity 35469K, committed 35496K, reserved 1079296K
  class space    used 4431K, capacity 4784K, committed 4784K, reserved 1048576K
}
Event: 6.637 GC heap before
{Heap before GC invocations=10 (full 2):
 PSYoungGen      total 178176K, used 8759K [0x00000000d6200000, 0x00000000e3700000, 0x0000000100000000)
  eden space 165376K, 0% used [0x00000000d6200000,0x00000000d6200000,0x00000000e0380000)
  from space 12800K, 68% used [0x00000000e1000000,0x00000000e188dec8,0x00000000e1c80000)
  to   space 12800K, 0% used [0x00000000e0380000,0x00000000e0380000,0x00000000e1000000)
 ParOldGen       total 60416K, used 11336K [0x0000000082600000, 0x0000000086100000, 0x00000000d6200000)
  object space 60416K, 18% used [0x0000000082600000,0x0000000083112010,0x0000000086100000)
 Metaspace       used 33709K, capacity 35469K, committed 35496K, reserved 1079296K
  class space    used 4431K, capacity 4784K, committed 4784K, reserved 1048576K
Event: 6.705 GC heap after
Heap after GC invocations=10 (full 2):
 PSYoungGen      total 178176K, used 0K [0x00000000d6200000, 0x00000000e3700000, 0x0000000100000000)
  eden space 165376K, 0% used [0x00000000d6200000,0x00000000d6200000,0x00000000e0380000)
  from space 12800K, 0% used [0x00000000e1000000,0x00000000e1000000,0x00000000e1c80000)
  to   space 12800K, 0% used [0x00000000e0380000,0x00000000e0380000,0x00000000e1000000)
 ParOldGen       total 88576K, used 16692K [0x0000000082600000, 0x0000000087c80000, 0x00000000d6200000)
  object space 88576K, 18% used [0x0000000082600000,0x000000008364d360,0x0000000087c80000)
 Metaspace       used 33709K, capacity 35469K, committed 35496K, reserved 1079296K
  class space    used 4431K, capacity 4784K, committed 4784K, reserved 1048576K
}

